execve("./hello", ["./hello"], 0x7ffd9d71feb8 /* 37 vars */) = 0 <0.000183>
brk(NULL)                               = 0x564035a69000 <0.000030>
arch_prctl(0x3001 /* ARCH_??? */, 0x7ffd570fd2a0) = -1 EINVAL (無効な引数です) <0.000030>
mmap(NULL, 8192, PROT_READ|PROT_WRITE, MAP_PRIVATE|MAP_ANONYMOUS, -1, 0) = 0x7f8a560ae000 <0.000032>
access("/etc/ld.so.preload", R_OK)      = -1 ENOENT (そのようなファイルやディレクトリはありません) <0.000033>
openat(AT_FDCWD, "/usr/local/cuda/lib64/glibc-hwcaps/x86-64-v3/libc.so.6", O_RDONLY|O_CLOEXEC) = -1 ENOENT (そのようなファイルやディレクトリはありません) <0.000036>
newfstatat(AT_FDCWD, "/usr/local/cuda/lib64/glibc-hwcaps/x86-64-v3", 0x7ffd570fc4c0, 0) = -1 ENOENT (そのようなファイルやディレクトリはありません) <0.000031>
openat(AT_FDCWD, "/usr/local/cuda/lib64/glibc-hwcaps/x86-64-v2/libc.so.6", O_RDONLY|O_CLOEXEC) = -1 ENOENT (そのようなファイルやディレクトリはありません) <0.000031>
newfstatat(AT_FDCWD, "/usr/local/cuda/lib64/glibc-hwcaps/x86-64-v2", 0x7ffd570fc4c0, 0) = -1 ENOENT (そのようなファイルやディレクトリはありません) <0.000031>
openat(AT_FDCWD, "/usr/local/cuda/lib64/tls/haswell/x86_64/libc.so.6", O_RDONLY|O_CLOEXEC) = -1 ENOENT (そのようなファイルやディレクトリはありません) <0.000030>
newfstatat(AT_FDCWD, "/usr/local/cuda/lib64/tls/haswell/x86_64", 0x7ffd570fc4c0, 0) = -1 ENOENT (そのようなファイルやディレクトリはありません) <0.000030>
openat(AT_FDCWD, "/usr/local/cuda/lib64/tls/haswell/libc.so.6", O_RDONLY|O_CLOEXEC) = -1 ENOENT (そのようなファイルやディレクトリはありません) <0.000030>
newfstatat(AT_FDCWD, "/usr/local/cuda/lib64/tls/haswell", 0x7ffd570fc4c0, 0) = -1 ENOENT (そのようなファイルやディレクトリはありません) <0.000071>
openat(AT_FDCWD, "/usr/local/cuda/lib64/tls/x86_64/libc.so.6", O_RDONLY|O_CLOEXEC) = -1 ENOENT (そのようなファイルやディレクトリはありません) <0.000031>
newfstatat(AT_FDCWD, "/usr/local/cuda/lib64/tls/x86_64", 0x7ffd570fc4c0, 0) = -1 ENOENT (そのようなファイルやディレクトリはありません) <0.000030>
openat(AT_FDCWD, "/usr/local/cuda/lib64/tls/libc.so.6", O_RDONLY|O_CLOEXEC) = -1 ENOENT (そのようなファイルやディレクトリはありません) <0.000030>
newfstatat(AT_FDCWD, "/usr/local/cuda/lib64/tls", 0x7ffd570fc4c0, 0) = -1 ENOENT (そのようなファイルやディレクトリはありません) <0.000032>
openat(AT_FDCWD, "/usr/local/cuda/lib64/haswell/x86_64/libc.so.6", O_RDONLY|O_CLOEXEC) = -1 ENOENT (そのようなファイルやディレクトリはありません) <0.000031>
newfstatat(AT_FDCWD, "/usr/local/cuda/lib64/haswell/x86_64", 0x7ffd570fc4c0, 0) = -1 ENOENT (そのようなファイルやディレクトリはありません) <0.000030>
openat(AT_FDCWD, "/usr/local/cuda/lib64/haswell/libc.so.6", O_RDONLY|O_CLOEXEC) = -1 ENOENT (そのようなファイルやディレクトリはありません) <0.000033>
newfstatat(AT_FDCWD, "/usr/local/cuda/lib64/haswell", 0x7ffd570fc4c0, 0) = -1 ENOENT (そのようなファイルやディレクトリはありません) <0.000030>
openat(AT_FDCWD, "/usr/local/cuda/lib64/x86_64/libc.so.6", O_RDONLY|O_CLOEXEC) = -1 ENOENT (そのようなファイルやディレクトリはありません) <0.000030>
newfstatat(AT_FDCWD, "/usr/local/cuda/lib64/x86_64", 0x7ffd570fc4c0, 0) = -1 ENOENT (そのようなファイルやディレクトリはありません) <0.000030>
openat(AT_FDCWD, "/usr/local/cuda/lib64/libc.so.6", O_RDONLY|O_CLOEXEC) = -1 ENOENT (そのようなファイルやディレクトリはありません) <0.000031>
newfstatat(AT_FDCWD, "/usr/local/cuda/lib64", {st_mode=S_IFDIR|0755, st_size=4096, ...}, 0) = 0 <0.000031>
openat(AT_FDCWD, "glibc-hwcaps/x86-64-v3/libc.so.6", O_RDONLY|O_CLOEXEC) = -1 ENOENT (そのようなファイルやディレクトリはありません) <0.000032>
openat(AT_FDCWD, "glibc-hwcaps/x86-64-v2/libc.so.6", O_RDONLY|O_CLOEXEC) = -1 ENOENT (そのようなファイルやディレクトリはありません) <0.000142>
openat(AT_FDCWD, "tls/haswell/x86_64/libc.so.6", O_RDONLY|O_CLOEXEC) = -1 ENOENT (そのようなファイルやディレクトリはありません) <0.000102>
openat(AT_FDCWD, "tls/haswell/libc.so.6", O_RDONLY|O_CLOEXEC) = -1 ENOENT (そのようなファイルやディレクトリはありません) <0.000040>
openat(AT_FDCWD, "tls/x86_64/libc.so.6", O_RDONLY|O_CLOEXEC) = -1 ENOENT (そのようなファイルやディレクトリはありません) <0.000030>
openat(AT_FDCWD, "tls/libc.so.6", O_RDONLY|O_CLOEXEC) = -1 ENOENT (そのようなファイルやディレクトリはありません) <0.000029>
openat(AT_FDCWD, "haswell/x86_64/libc.so.6", O_RDONLY|O_CLOEXEC) = -1 ENOENT (そのようなファイルやディレクトリはありません) <0.000030>
openat(AT_FDCWD, "haswell/libc.so.6", O_RDONLY|O_CLOEXEC) = -1 ENOENT (そのようなファイルやディレクトリはありません) <0.000030>
openat(AT_FDCWD, "x86_64/libc.so.6", O_RDONLY|O_CLOEXEC) = -1 ENOENT (そのようなファイルやディレクトリはありません) <0.000029>
openat(AT_FDCWD, "libc.so.6", O_RDONLY|O_CLOEXEC) = -1 ENOENT (そのようなファイルやディレクトリはありません) <0.000167>
openat(AT_FDCWD, "/etc/ld.so.cache", O_RDONLY|O_CLOEXEC) = 3 <0.000036>
newfstatat(3, "", {st_mode=S_IFREG|0644, st_size=110707, ...}, AT_EMPTY_PATH) = 0 <0.000031>
mmap(NULL, 110707, PROT_READ, MAP_PRIVATE, 3, 0) = 0x7f8a56092000 <0.000036>
close(3)                                = 0 <0.000030>
openat(AT_FDCWD, "/lib/x86_64-linux-gnu/libc.so.6", O_RDONLY|O_CLOEXEC) = 3 <0.000039>
read(3, "\177ELF\2\1\1\3\0\0\0\0\0\0\0\0\3\0>\0\1\0\0\0P\237\2\0\0\0\0\0"..., 832) = 832 <0.000050>
pread64(3, "\6\0\0\0\4\0\0\0@\0\0\0\0\0\0\0@\0\0\0\0\0\0\0@\0\0\0\0\0\0\0"..., 784, 64) = 784 <0.000035>
pread64(3, "\4\0\0\0 \0\0\0\5\0\0\0GNU\0\2\0\0\300\4\0\0\0\3\0\0\0\0\0\0\0"..., 48, 848) = 48 <0.000034>
pread64(3, "\4\0\0\0\24\0\0\0\3\0\0\0GNU\0\302\211\332Pq\2439\235\350\223\322\257\201\326\243\f"..., 68, 896) = 68 <0.000035>
newfstatat(3, "", {st_mode=S_IFREG|0755, st_size=2220400, ...}, AT_EMPTY_PATH) = 0 <0.000031>
pread64(3, "\6\0\0\0\4\0\0\0@\0\0\0\0\0\0\0@\0\0\0\0\0\0\0@\0\0\0\0\0\0\0"..., 784, 64) = 784 <0.000030>
mmap(NULL, 2264656, PROT_READ, MAP_PRIVATE|MAP_DENYWRITE, 3, 0) = 0x7f8a55e69000 <0.000033>
mprotect(0x7f8a55e91000, 2023424, PROT_NONE) = 0 <0.000037>
mmap(0x7f8a55e91000, 1658880, PROT_READ|PROT_EXEC, MAP_PRIVATE|MAP_FIXED|MAP_DENYWRITE, 3, 0x28000) = 0x7f8a55e91000 <0.000054>
mmap(0x7f8a56026000, 360448, PROT_READ, MAP_PRIVATE|MAP_FIXED|MAP_DENYWRITE, 3, 0x1bd000) = 0x7f8a56026000 <0.000034>
mmap(0x7f8a5607f000, 24576, PROT_READ|PROT_WRITE, MAP_PRIVATE|MAP_FIXED|MAP_DENYWRITE, 3, 0x215000) = 0x7f8a5607f000 <0.000032>
mmap(0x7f8a56085000, 52816, PROT_READ|PROT_WRITE, MAP_PRIVATE|MAP_FIXED|MAP_ANONYMOUS, -1, 0) = 0x7f8a56085000 <0.000031>
close(3)                                = 0 <0.000032>
mmap(NULL, 12288, PROT_READ|PROT_WRITE, MAP_PRIVATE|MAP_ANONYMOUS, -1, 0) = 0x7f8a55e66000 <0.000031>
arch_prctl(ARCH_SET_FS, 0x7f8a55e66740) = 0 <0.000030>
set_tid_address(0x7f8a55e66a10)         = 5099 <0.000033>
set_robust_list(0x7f8a55e66a20, 24)     = 0 <0.000030>
rseq(0x7f8a55e670e0, 0x20, 0, 0x53053053) = 0 <0.000035>
mprotect(0x7f8a5607f000, 16384, PROT_READ) = 0 <0.000097>
mprotect(0x564033d4f000, 4096, PROT_READ) = 0 <0.000034>
mprotect(0x7f8a560e8000, 8192, PROT_READ) = 0 <0.000034>
prlimit64(0, RLIMIT_STACK, NULL, {rlim_cur=8192*1024, rlim_max=RLIM64_INFINITY}) = 0 <0.000030>
munmap(0x7f8a56092000, 110707)          = 0 <0.000042>
newfstatat(1, "", {st_mode=S_IFCHR|0620, st_rdev=makedev(0x88, 0x2), ...}, AT_EMPTY_PATH) = 0 <0.000033>
getrandom("\xd6\x16\xdb\x0b\x84\x10\x34\xcc", 8, GRND_NONBLOCK) = 8 <0.000031>
brk(NULL)                               = 0x564035a69000 <0.000030>
brk(0x564035a8a000)                     = 0x564035a8a000 <0.000031>
write(1, "hello world\n", 12)           = 12 <0.000054>
exit_group(0)                           = ?
+++ exited with 0 +++
